#
# There is insufficient memory for the Java Runtime Environment to continue.
# Native memory allocation (mmap) failed to map 260046848 bytes for Failed to commit area from 0x00000000cae00000 to 0x00000000da600000 of length 260046848.
# Possible reasons:
#   The system is out of physical RAM or swap space
#   The process is running with CompressedOops enabled, and the Java Heap may be blocking the growth of the native heap
# Possible solutions:
#   Reduce memory load on the system
#   Increase physical memory or swap space
#   Check if swap backing store is full
#   Decrease Java heap size (-Xmx/-Xms)
#   Decrease number of Java threads
#   Decrease Java thread stack sizes (-Xss)
#   Set larger code cache with -XX:ReservedCodeCacheSize=
#   JVM is running with Unscaled Compressed Oops mode in which the Java heap is
#     placed in the first 4GB address space. The Java Heap base address is the
#     maximum limit for the native heap growth. Please use -XX:HeapBaseMinAddress
#     to set the Java Heap base and to place the Java Heap above 4GB virtual address.
# This output file may be truncated or incomplete.
#
#  Out of Memory Error (t:/workspace/open/src/hotspot/os/windows/os_windows.cpp:3269), pid=7908, tid=10056
#
# JRE version: Java(TM) SE Runtime Environment (11.0.2+9) (build 11.0.2+9-LTS)
# Java VM: Java HotSpot(TM) 64-Bit Server VM (11.0.2+9-LTS, mixed mode, tiered, compressed oops, g1 gc, windows-amd64)
# No core dump will be written. Minidumps are not enabled by default on client versions of Windows
#

---------------  S U M M A R Y ------------

Command Line: -Dfile.encoding=Cp1252 PictureTester

Host: Intel(R) Core(TM) i5 CPU       M 540  @ 2.53GHz, 4 cores, 3G,  Windows 10 , 64 bit Build 17134 (10.0.17134.753)
Time: Tue May 21 19:48:55 2019 Pacific Daylight Time elapsed time: 6312 seconds (0d 1h 45m 12s)

---------------  T H R E A D  ---------------

Current thread (0x000002267f6cb000):  VMThread "VM Thread" [stack: 0x000000c6a5500000,0x000000c6a5600000] [id=10056]

Stack: [0x000000c6a5500000,0x000000c6a5600000]
[error occurred during error reporting (printing stack bounds), id 0xc0000005, EXCEPTION_ACCESS_VIOLATION (0xc0000005) at pc=0x0000022608250bbd]

Native frames: (J=compiled Java code, j=interpreted, Vv=VM code, C=native code)
V  [jvm.dll+0x63574a]
V  [jvm.dll+0x77326f]
V  [jvm.dll+0x77491a]
V  [jvm.dll+0x774f35]
V  [jvm.dll+0x774eeb]
V  [jvm.dll+0x634e56]
V  [jvm.dll+0x635218]
C  [ntdll.dll+0x9f7dd]
C  [ntdll.dll+0xd856]
C  [ntdll.dll+0x9e70e]
C  0x0000022608250bbd

VM_Operation (0x000000c6a4fff0e0): G1CollectForAllocation, mode: safepoint, requested by thread 0x000002267bd3f000


---------------  P R O C E S S  ---------------

Threads class SMR info:
_java_thread_list=0x000002261a7d5930, length=11, elements={
0x000002267bd3f000, 0x000002267f6cd800, 0x000002267f6f8800, 0x000002267f756800,
0x000002267f757800, 0x000002267f759800, 0x000002267f77e000, 0x000002261a2c5000,
0x000002261a3c7000, 0x000002261a3cf000, 0x000002261a7df000
}

Java Threads: ( => current thread )
  0x000002267bd3f000 JavaThread "main" [_thread_blocked, id=12284, stack(0x000000c6a4f00000,0x000000c6a5000000)]
  0x000002267f6cd800 JavaThread "Reference Handler" daemon [_thread_blocked, id=3436, stack(0x000000c6a5600000,0x000000c6a5700000)]
  0x000002267f6f8800 JavaThread "Finalizer" daemon [_thread_blocked, id=11324, stack(0x000000c6a5700000,0x000000c6a5800000)]
  0x000002267f756800 JavaThread "Signal Dispatcher" daemon [_thread_blocked, id=11892, stack(0x000000c6a5800000,0x000000c6a5900000)]
  0x000002267f757800 JavaThread "Attach Listener" daemon [_thread_blocked, id=7292, stack(0x000000c6a5900000,0x000000c6a5a00000)]
  0x000002267f759800 JavaThread "C2 CompilerThread0" daemon [_thread_blocked, id=12208, stack(0x000000c6a5a00000,0x000000c6a5b00000)]
  0x000002267f77e000 JavaThread "C1 CompilerThread0" daemon [_thread_blocked, id=2568, stack(0x000000c6a5b00000,0x000000c6a5c00000)]
  0x000002261a2c5000 JavaThread "Sweeper thread" daemon [_thread_blocked, id=3616, stack(0x000000c6a5c00000,0x000000c6a5d00000)]
  0x000002261a3c7000 JavaThread "Service Thread" daemon [_thread_blocked, id=10028, stack(0x000000c6a5d00000,0x000000c6a5e00000)]
  0x000002261a3cf000 JavaThread "Common-Cleaner" daemon [_thread_blocked, id=1868, stack(0x000000c6a5f00000,0x000000c6a6000000)]
  0x000002261a7df000 JavaThread "Java2D Disposer" daemon [_thread_blocked, id=5296, stack(0x000000c6a6100000,0x000000c6a6200000)]

Other Threads:
=>0x000002267f6cb000 VMThread "VM Thread" [stack: 0x000000c6a5500000,0x000000c6a5600000] [id=10056]
  0x000002261a3ce000 WatcherThread [stack: 0x000000c6a5e00000,0x000000c6a5f00000] [id=1576]
  0x000002267bd54000 GCTaskThread "GC Thread#0" [stack: 0x000000c6a5000000,0x000000c6a5100000] [id=1952]
  0x000002261a7c6000 GCTaskThread "GC Thread#1" [stack: 0x000000c6a6200000,0x000000c6a6300000] [id=9240]
  0x000002267bd6d800 ConcurrentGCThread "G1 Main Marker" [stack: 0x000000c6a5100000,0x000000c6a5200000] [id=1492]
  0x000002267bd6f000 ConcurrentGCThread "G1 Conc#0" [stack: 0x000000c6a5200000,0x000000c6a5300000] [id=9432]
  0x000002267bdca800 ConcurrentGCThread "G1 Refine#0" [stack: 0x000000c6a5300000,0x000000c6a5400000] [id=8176]
  0x000002261a7a9800 ConcurrentGCThread "G1 Refine#1" [stack: 0x000000c6a6300000,0x000000c6a6400000] [id=11044]
  0x000002261a7af800 ConcurrentGCThread "G1 Refine#2" [stack: 0x000000c6a6400000,0x000000c6a6500000] [id=6676]
  0x000002261a7f4000 ConcurrentGCThread "G1 Refine#3" [stack: 0x000000c6a6500000,0x000000c6a6600000] [id=7228]
  0x000002267bdcd800 ConcurrentGCThread "G1 Young RemSet Sampling" [stack: 0x000000c6a5400000,0x000000c6a5500000] [id=7876]

Threads with active compile tasks:

VM state:at safepoint (normal execution)

VM Mutex/Monitor currently owned by a thread:  ([mutex/lock_event])
[0x000002267bd3d3f0] Threads_lock - owner thread: 0x000002267f6cb000
[0x000002267bd3da20] Heap_lock - owner thread: 0x000002267bd3f000

Heap address: 0x00000000c3200000, size: 974 MB, Compressed Oops mode: 32-bit
Narrow klass base: 0x0000000000000000, Narrow klass shift: 3
Compressed class space size: 1073741824 Address: 0x0000000100000000

Heap:
 garbage-first heap   total 380928K, used 21506K [0x00000000c3200000, 0x0000000100000000)
  region size 1024K, 0 young (0K), 0 survivors (0K)
 Metaspace       used 8733K, capacity 8894K, committed 9216K, reserved 1056768K
  class space    used 803K, capacity 906K, committed 1024K, reserved 1048576K
Heap Regions: E=young(eden), S=young(survivor), O=old, HS=humongous(starts), HC=humongous(continues), CS=collection set, F=free, A=archive, TAMS=top-at-mark-start (previous, next)
|   0|0x00000000c3200000, 0x00000000c3300000, 0x00000000c3300000|100%|HS|  |TAMS 0x00000000c3200000, 0x00000000c3200000| Complete 
|   1|0x00000000c3300000, 0x00000000c3400000, 0x00000000c3400000|100%|HS|  |TAMS 0x00000000c3300000, 0x00000000c3300000| Complete 
|   2|0x00000000c3400000, 0x00000000c3500000, 0x00000000c3500000|100%| O|  |TAMS 0x00000000c3400000, 0x00000000c3400000| Untracked 
|   3|0x00000000c3500000, 0x00000000c3600000, 0x00000000c3600000|100%| O|  |TAMS 0x00000000c3500000, 0x00000000c3500000| Untracked 
|   4|0x00000000c3600000, 0x00000000c3700000, 0x00000000c3700000|100%| O|  |TAMS 0x00000000c3600000, 0x00000000c3600000| Untracked 
|   5|0x00000000c3700000, 0x00000000c3800000, 0x00000000c3800000|100%| O|  |TAMS 0x00000000c3700000, 0x00000000c3700000| Untracked 
|   6|0x00000000c3800000, 0x00000000c3900000, 0x00000000c3900000|100%| O|  |TAMS 0x00000000c3800000, 0x00000000c3800000| Untracked 
|   7|0x00000000c3900000, 0x00000000c3a00000, 0x00000000c3a00000|100%| O|  |TAMS 0x00000000c3900000, 0x00000000c3900000| Untracked 
|   8|0x00000000c3a00000, 0x00000000c3b00000, 0x00000000c3b00000|100%| O|  |TAMS 0x00000000c3a00000, 0x00000000c3a00000| Untracked 
|   9|0x00000000c3b00000, 0x00000000c3c00000, 0x00000000c3c00000|100%| O|  |TAMS 0x00000000c3b00000, 0x00000000c3b00000| Untracked 
|  10|0x00000000c3c00000, 0x00000000c3d00000, 0x00000000c3d00000|100%| O|  |TAMS 0x00000000c3c00000, 0x00000000c3c00000| Untracked 
|  11|0x00000000c3d00000, 0x00000000c3e00000, 0x00000000c3e00000|100%| O|  |TAMS 0x00000000c3d00000, 0x00000000c3d00000| Untracked 
|  12|0x00000000c3e00000, 0x00000000c3f00000, 0x00000000c3f00000|100%| O|  |TAMS 0x00000000c3e00000, 0x00000000c3e00000| Untracked 
|  13|0x00000000c3f00000, 0x00000000c4000000, 0x00000000c4000000|100%| O|  |TAMS 0x00000000c3f00000, 0x00000000c3f00000| Untracked 
|  14|0x00000000c4000000, 0x00000000c4100000, 0x00000000c4100000|100%| O|  |TAMS 0x00000000c4000000, 0x00000000c4000000| Untracked 
|  15|0x00000000c4100000, 0x00000000c4200000, 0x00000000c4200000|100%| O|  |TAMS 0x00000000c4100000, 0x00000000c4100000| Untracked 
|  16|0x00000000c4200000, 0x00000000c4300000, 0x00000000c4300000|100%| O|  |TAMS 0x00000000c4200000, 0x00000000c4200000| Untracked 
|  17|0x00000000c4300000, 0x00000000c4400000, 0x00000000c4400000|100%| O|  |TAMS 0x00000000c4300000, 0x00000000c4300000| Untracked 
|  18|0x00000000c4400000, 0x00000000c4500000, 0x00000000c4500000|100%| O|  |TAMS 0x00000000c4400000, 0x00000000c4400000| Untracked 
|  19|0x00000000c4500000, 0x00000000c4600000, 0x00000000c4600000|100%| O|  |TAMS 0x00000000c4500000, 0x00000000c4500000| Untracked 
|  20|0x00000000c4600000, 0x00000000c4700000, 0x00000000c4700000|100%| O|  |TAMS 0x00000000c4600000, 0x00000000c4600000| Untracked 
|  21|0x00000000c4700000, 0x00000000c4700a00, 0x00000000c4800000|  0%| O|  |TAMS 0x00000000c4700000, 0x00000000c4700000| Untracked 
|  22|0x00000000c4800000, 0x00000000c4800000, 0x00000000c4900000|  0%| F|  |TAMS 0x00000000c4800000, 0x00000000c4800000| Untracked 
|  23|0x00000000c4900000, 0x00000000c4900000, 0x00000000c4a00000|  0%| F|  |TAMS 0x00000000c4900000, 0x00000000c4900000| Untracked 
|  24|0x00000000c4a00000, 0x00000000c4a00000, 0x00000000c4b00000|  0%| F|  |TAMS 0x00000000c4a00000, 0x00000000c4a00000| Untracked 
|  25|0x00000000c4b00000, 0x00000000c4b00000, 0x00000000c4c00000|  0%| F|  |TAMS 0x00000000c4b00000, 0x00000000c4b00000| Untracked 
|  26|0x00000000c4c00000, 0x00000000c4c00000, 0x00000000c4d00000|  0%| F|  |TAMS 0x00000000c4c00000, 0x00000000c4c00000| Untracked 
|  27|0x00000000c4d00000, 0x00000000c4d00000, 0x00000000c4e00000|  0%| F|  |TAMS 0x00000000c4d00000, 0x00000000c4d00000| Untracked 
|  28|0x00000000c4e00000, 0x00000000c4e00000, 0x00000000c4f00000|  0%| F|  |TAMS 0x00000000c4e00000, 0x00000000c4e00000| Untracked 
|  29|0x00000000c4f00000, 0x00000000c4f00000, 0x00000000c5000000|  0%| F|  |TAMS 0x00000000c4f00000, 0x00000000c4f00000| Untracked 
|  30|0x00000000c5000000, 0x00000000c5000000, 0x00000000c5100000|  0%| F|  |TAMS 0x00000000c5000000, 0x00000000c5000000| Untracked 
|  31|0x00000000c5100000, 0x00000000c5100000, 0x00000000c5200000|  0%| F|  |TAMS 0x00000000c5100000, 0x00000000c5100000| Untracked 
|  32|0x00000000c5200000, 0x00000000c5200000, 0x00000000c5300000|  0%| F|  |TAMS 0x00000000c5200000, 0x00000000c5200000| Untracked 
|  33|0x00000000c5300000, 0x00000000c5300000, 0x00000000c5400000|  0%| F|  |TAMS 0x00000000c5300000, 0x00000000c5300000| Untracked 
|  34|0x00000000c5400000, 0x00000000c5400000, 0x00000000c5500000|  0%| F|  |TAMS 0x00000000c5400000, 0x00000000c5400000| Untracked 
|  35|0x00000000c5500000, 0x00000000c5500000, 0x00000000c5600000|  0%| F|  |TAMS 0x00000000c5500000, 0x00000000c5500000| Untracked 
|  36|0x00000000c5600000, 0x00000000c5600000, 0x00000000c5700000|  0%| F|  |TAMS 0x00000000c5600000, 0x00000000c5600000| Untracked 
|  37|0x00000000c5700000, 0x00000000c5700000, 0x00000000c5800000|  0%| F|  |TAMS 0x00000000c5700000, 0x00000000c5700000| Untracked 
|  38|0x00000000c5800000, 0x00000000c5800000, 0x00000000c5900000|  0%| F|  |TAMS 0x00000000c5800000, 0x00000000c5800000| Untracked 
|  39|0x00000000c5900000, 0x00000000c5900000, 0x00000000c5a00000|  0%| F|  |TAMS 0x00000000c5900000, 0x00000000c5900000| Untracked 
|  40|0x00000000c5a00000, 0x00000000c5a00000, 0x00000000c5b00000|  0%| F|  |TAMS 0x00000000c5a00000, 0x00000000c5a00000| Untracked 
|  41|0x00000000c5b00000, 0x00000000c5b00000, 0x00000000c5c00000|  0%| F|  |TAMS 0x00000000c5b00000, 0x00000000c5b00000| Untracked 
|  42|0x00000000c5c00000, 0x00000000c5c00000, 0x00000000c5d00000|  0%| F|  |TAMS 0x00000000c5c00000, 0x00000000c5c00000| Untracked 
|  43|0x00000000c5d00000, 0x00000000c5d00000, 0x00000000c5e00000|  0%| F|  |TAMS 0x00000000c5d00000, 0x00000000c5d00000| Untracked 
|  44|0x00000000c5e00000, 0x00000000c5e00000, 0x00000000c5f00000|  0%| F|  |TAMS 0x00000000c5e00000, 0x00000000c5e00000| Untracked 
|  45|0x00000000c5f00000, 0x00000000c5f00000, 0x00000000c6000000|  0%| F|  |TAMS 0x00000000c5f00000, 0x00000000c5f00000| Untracked 
|  46|0x00000000c6000000, 0x00000000c6000000, 0x00000000c6100000|  0%| F|  |TAMS 0x00000000c6000000, 0x00000000c6000000| Untracked 
|  47|0x00000000c6100000, 0x00000000c6100000, 0x00000000c6200000|  0%| F|  |TAMS 0x00000000c6100000, 0x00000000c6100000| Untracked 
|  48|0x00000000c6200000, 0x00000000c6200000, 0x00000000c6300000|  0%| F|  |TAMS 0x00000000c6200000, 0x00000000c6200000| Untracked 
|  49|0x00000000c6300000, 0x00000000c6300000, 0x00000000c6400000|  0%| F|  |TAMS 0x00000000c6300000, 0x00000000c6300000| Untracked 
|  50|0x00000000c6400000, 0x00000000c6400000, 0x00000000c6500000|  0%| F|  |TAMS 0x00000000c6400000, 0x00000000c6400000| Untracked 
|  51|0x00000000c6500000, 0x00000000c6500000, 0x00000000c6600000|  0%| F|  |TAMS 0x00000000c6500000, 0x00000000c6500000| Untracked 
|  52|0x00000000c6600000, 0x00000000c6600000, 0x00000000c6700000|  0%| F|  |TAMS 0x00000000c6600000, 0x00000000c6600000| Untracked 
|  53|0x00000000c6700000, 0x00000000c6700000, 0x00000000c6800000|  0%| F|  |TAMS 0x00000000c6700000, 0x00000000c6700000| Untracked 
|  54|0x00000000c6800000, 0x00000000c6800000, 0x00000000c6900000|  0%| F|  |TAMS 0x00000000c6800000, 0x00000000c6800000| Untracked 
|  55|0x00000000c6900000, 0x00000000c6900000, 0x00000000c6a00000|  0%| F|  |TAMS 0x00000000c6900000, 0x00000000c6900000| Untracked 
|  56|0x00000000c6a00000, 0x00000000c6a00000, 0x00000000c6b00000|  0%| F|  |TAMS 0x00000000c6a00000, 0x00000000c6a00000| Untracked 
|  57|0x00000000c6b00000, 0x00000000c6b00000, 0x00000000c6c00000|  0%| F|  |TAMS 0x00000000c6b00000, 0x00000000c6b00000| Untracked 
|  58|0x00000000c6c00000, 0x00000000c6c00000, 0x00000000c6d00000|  0%| F|  |TAMS 0x00000000c6c00000, 0x00000000c6c00000| Untracked 
|  59|0x00000000c6d00000, 0x00000000c6d00000, 0x00000000c6e00000|  0%| F|  |TAMS 0x00000000c6d00000, 0x00000000c6d00000| Untracked 
|  60|0x00000000c6e00000, 0x00000000c6e00000, 0x00000000c6f00000|  0%| F|  |TAMS 0x00000000c6e00000, 0x00000000c6e00000| Untracked 
|  61|0x00000000c6f00000, 0x00000000c6f00000, 0x00000000c7000000|  0%| F|  |TAMS 0x00000000c6f00000, 0x00000000c6f00000| Untracked 
|  62|0x00000000c7000000, 0x00000000c7000000, 0x00000000c7100000|  0%| F|  |TAMS 0x00000000c7000000, 0x00000000c7000000| Untracked 
|  63|0x00000000c7100000, 0x00000000c7100000, 0x00000000c7200000|  0%| F|  |TAMS 0x00000000c7100000, 0x00000000c7100000| Untracked 
|  64|0x00000000c7200000, 0x00000000c7200000, 0x00000000c7300000|  0%| F|  |TAMS 0x00000000c7200000, 0x00000000c7200000| Untracked 
|  65|0x00000000c7300000, 0x00000000c7300000, 0x00000000c7400000|  0%| F|  |TAMS 0x00000000c7300000, 0x00000000c7300000| Untracked 
|  66|0x00000000c7400000, 0x00000000c7400000, 0x00000000c7500000|  0%| F|  |TAMS 0x00000000c7400000, 0x00000000c7400000| Untracked 
|  67|0x00000000c7500000, 0x00000000c7500000, 0x00000000c7600000|  0%| F|  |TAMS 0x00000000c7500000, 0x00000000c7500000| Untracked 
|  68|0x00000000c7600000, 0x00000000c7600000, 0x00000000c7700000|  0%| F|  |TAMS 0x00000000c7600000, 0x00000000c7600000| Untracked 
|  69|0x00000000c7700000, 0x00000000c7700000, 0x00000000c7800000|  0%| F|  |TAMS 0x00000000c7700000, 0x00000000c7700000| Untracked 
|  70|0x00000000c7800000, 0x00000000c7800000, 0x00000000c7900000|  0%| F|  |TAMS 0x00000000c7800000, 0x00000000c7800000| Untracked 
|  71|0x00000000c7900000, 0x00000000c7900000, 0x00000000c7a00000|  0%| F|  |TAMS 0x00000000c7900000, 0x00000000c7900000| Untracked 
|  72|0x00000000c7a00000, 0x00000000c7a00000, 0x00000000c7b00000|  0%| F|  |TAMS 0x00000000c7a00000, 0x00000000c7a00000| Untracked 
|  73|0x00000000c7b00000, 0x00000000c7b00000, 0x00000000c7c00000|  0%| F|  |TAMS 0x00000000c7b00000, 0x00000000c7b00000| Untracked 
|  74|0x00000000c7c00000, 0x00000000c7c00000, 0x00000000c7d00000|  0%| F|  |TAMS 0x00000000c7c00000, 0x00000000c7c00000| Untracked 
|  75|0x00000000c7d00000, 0x00000000c7d00000, 0x00000000c7e00000|  0%| F|  |TAMS 0x00000000c7d00000, 0x00000000c7d00000| Untracked 
|  76|0x00000000c7e00000, 0x00000000c7e00000, 0x00000000c7f00000|  0%| F|  |TAMS 0x00000000c7e00000, 0x00000000c7e00000| Untracked 
|  77|0x00000000c7f00000, 0x00000000c7f00000, 0x00000000c8000000|  0%| F|  |TAMS 0x00000000c7f00000, 0x00000000c7f00000| Untracked 
|  78|0x00000000c8000000, 0x00000000c8000000, 0x00000000c8100000|  0%| F|  |TAMS 0x00000000c8000000, 0x00000000c8000000| Untracked 
|  79|0x00000000c8100000, 0x00000000c8100000, 0x00000000c8200000|  0%| F|  |TAMS 0x00000000c8100000, 0x00000000c8100000| Untracked 
|  80|0x00000000c8200000, 0x00000000c8200000, 0x00000000c8300000|  0%| F|  |TAMS 0x00000000c8200000, 0x00000000c8200000| Untracked 
|  81|0x00000000c8300000, 0x00000000c8300000, 0x00000000c8400000|  0%| F|  |TAMS 0x00000000c8300000, 0x00000000c8300000| Untracked 
|  82|0x00000000c8400000, 0x00000000c8400000, 0x00000000c8500000|  0%| F|  |TAMS 0x00000000c8400000, 0x00000000c8400000| Untracked 
|  83|0x00000000c8500000, 0x00000000c8500000, 0x00000000c8600000|  0%| F|  |TAMS 0x00000000c8500000, 0x00000000c8500000| Untracked 
|  84|0x00000000c8600000, 0x00000000c8600000, 0x00000000c8700000|  0%| F|  |TAMS 0x00000000c8600000, 0x00000000c8600000| Untracked 
|  85|0x00000000c8700000, 0x00000000c8700000, 0x00000000c8800000|  0%| F|  |TAMS 0x00000000c8700000, 0x00000000c8700000| Untracked 
|  86|0x00000000c8800000, 0x00000000c8800000, 0x00000000c8900000|  0%| F|  |TAMS 0x00000000c8800000, 0x00000000c8800000| Untracked 
|  87|0x00000000c8900000, 0x00000000c8900000, 0x00000000c8a00000|  0%| F|  |TAMS 0x00000000c8900000, 0x00000000c8900000| Untracked 
|  88|0x00000000c8a00000, 0x00000000c8a00000, 0x00000000c8b00000|  0%| F|  |TAMS 0x00000000c8a00000, 0x00000000c8a00000| Untracked 
|  89|0x00000000c8b00000, 0x00000000c8b00000, 0x00000000c8c00000|  0%| F|  |TAMS 0x00000000c8b00000, 0x00000000c8b00000| Untracked 
|  90|0x00000000c8c00000, 0x00000000c8c00000, 0x00000000c8d00000|  0%| F|  |TAMS 0x00000000c8c00000, 0x00000000c8c00000| Untracked 
|  91|0x00000000c8d00000, 0x00000000c8d00000, 0x00000000c8e00000|  0%| F|  |TAMS 0x00000000c8d00000, 0x00000000c8d00000| Untracked 
|  92|0x00000000c8e00000, 0x00000000c8e00000, 0x00000000c8f00000|  0%| F|  |TAMS 0x00000000c8e00000, 0x00000000c8e00000| Untracked 
|  93|0x00000000c8f00000, 0x00000000c8f00000, 0x00000000c9000000|  0%| F|  |TAMS 0x00000000c8f00000, 0x00000000c8f00000| Untracked 
|  94|0x00000000c9000000, 0x00000000c9000000, 0x00000000c9100000|  0%| F|  |TAMS 0x00000000c9000000, 0x00000000c9000000| Untracked 
|  95|0x00000000c9100000, 0x00000000c9100000, 0x00000000c9200000|  0%| F|  |TAMS 0x00000000c9100000, 0x00000000c9100000| Untracked 
|  96|0x00000000c9200000, 0x00000000c9200000, 0x00000000c9300000|  0%| F|  |TAMS 0x00000000c9200000, 0x00000000c9200000| Untracked 
|  97|0x00000000c9300000, 0x00000000c9300000, 0x00000000c9400000|  0%| F|  |TAMS 0x00000000c9300000, 0x00000000c9300000| Untracked 
|  98|0x00000000c9400000, 0x00000000c9400000, 0x00000000c9500000|  0%| F|  |TAMS 0x00000000c9400000, 0x00000000c9400000| Untracked 
|  99|0x00000000c9500000, 0x00000000c9500000, 0x00000000c9600000|  0%| F|  |TAMS 0x00000000c9500000, 0x00000000c9500000| Untracked 
| 100|0x00000000c9600000, 0x00000000c9600000, 0x00000000c9700000|  0%| F|  |TAMS 0x00000000c9600000, 0x00000000c9600000| Untracked 
| 101|0x00000000c9700000, 0x00000000c9700000, 0x00000000c9800000|  0%| F|  |TAMS 0x00000000c9700000, 0x00000000c9700000| Untracked 
| 102|0x00000000c9800000, 0x00000000c9800000, 0x00000000c9900000|  0%| F|  |TAMS 0x00000000c9800000, 0x00000000c9800000| Untracked 
| 103|0x00000000c9900000, 0x00000000c9900000, 0x00000000c9a00000|  0%| F|  |TAMS 0x00000000c9900000, 0x00000000c9900000| Untracked 
| 104|0x00000000c9a00000, 0x00000000c9a00000, 0x00000000c9b00000|  0%| F|  |TAMS 0x00000000c9a00000, 0x00000000c9a00000| Untracked 
| 105|0x00000000c9b00000, 0x00000000c9b00000, 0x00000000c9c00000|  0%| F|  |TAMS 0x00000000c9b00000, 0x00000000c9b00000| Untracked 
| 106|0x00000000c9c00000, 0x00000000c9c00000, 0x00000000c9d00000|  0%| F|  |TAMS 0x00000000c9c00000, 0x00000000c9c00000| Untracked 
| 107|0x00000000c9d00000, 0x00000000c9d00000, 0x00000000c9e00000|  0%| F|  |TAMS 0x00000000c9d00000, 0x00000000c9d00000| Untracked 
| 108|0x00000000c9e00000, 0x00000000c9e00000, 0x00000000c9f00000|  0%| F|  |TAMS 0x00000000c9e00000, 0x00000000c9e00000| Untracked 
| 109|0x00000000c9f00000, 0x00000000c9f00000, 0x00000000ca000000|  0%| F|  |TAMS 0x00000000c9f00000, 0x00000000c9f00000| Untracked 
| 110|0x00000000ca000000, 0x00000000ca000000, 0x00000000ca100000|  0%| F|  |TAMS 0x00000000ca000000, 0x00000000ca000000| Untracked 
| 111|0x00000000ca100000, 0x00000000ca100000, 0x00000000ca200000|  0%| F|  |TAMS 0x00000000ca100000, 0x00000000ca100000| Untracked 
| 112|0x00000000ca200000, 0x00000000ca200000, 0x00000000ca300000|  0%| F|  |TAMS 0x00000000ca200000, 0x00000000ca200000| Untracked 
| 113|0x00000000ca300000, 0x00000000ca300000, 0x00000000ca400000|  0%| F|  |TAMS 0x00000000ca300000, 0x00000000ca300000| Untracked 
| 114|0x00000000ca400000, 0x00000000ca400000, 0x00000000ca500000|  0%| F|  |TAMS 0x00000000ca400000, 0x00000000ca400000| Untracked 
| 115|0x00000000ca500000, 0x00000000ca500000, 0x00000000ca600000|  0%| F|  |TAMS 0x00000000ca500000, 0x00000000ca500000| Untracked 
| 116|0x00000000ca600000, 0x00000000ca600000, 0x00000000ca700000|  0%| F|  |TAMS 0x00000000ca600000, 0x00000000ca600000| Untracked 
| 117|0x00000000ca700000, 0x00000000ca700000, 0x00000000ca800000|  0%| F|  |TAMS 0x00000000ca700000, 0x00000000ca700000| Untracked 
| 118|0x00000000ca800000, 0x00000000ca800000, 0x00000000ca900000|  0%| F|  |TAMS 0x00000000ca800000, 0x00000000ca800000| Untracked 
| 119|0x00000000ca900000, 0x00000000ca900000, 0x00000000caa00000|  0%| F|  |TAMS 0x00000000ca900000, 0x00000000ca900000| Untracked 
| 120|0x00000000caa00000, 0x00000000caa00000, 0x00000000cab00000|  0%| F|  |TAMS 0x00000000caa00000, 0x00000000caa00000| Untracked 
| 121|0x00000000cab00000, 0x00000000cab00000, 0x00000000cac00000|  0%| F|  |TAMS 0x00000000cab00000, 0x00000000cab00000| Untracked 
| 122|0x00000000cac00000, 0x00000000cac00000, 0x00000000cad00000|  0%| F|  |TAMS 0x00000000cac00000, 0x00000000cac00000| Untracked 
| 123|0x00000000cad00000, 0x00000000cad00000, 0x00000000cae00000|  0%| F|  |TAMS 0x00000000cad00000, 0x00000000cad00000| Untracked 

Card table byte_map: [0x000002267de10000,0x000002267e000000] _byte_map_base: 0x000002267d7f7000

Marking Bits (Prev, Next): (CMBitMap*) 0x000002267bd690c8, (CMBitMap*) 0x000002267bd69100
 Prev Bits: [0x000002267e1f0000, 0x000002267f128000)
 Next Bits: [0x0000022617250000, 0x0000022618188000)

Polling page: 0x000002267bb00000

Metaspace:

Usage:
  Non-class:      7.80 MB capacity,     7.74 MB (>99%) used,    44.30 KB ( <1%) free+waste,    13.63 KB ( <1%) overhead. 
      Class:    906.00 KB capacity,   803.45 KB ( 89%) used,    95.61 KB ( 11%) free+waste,     6.94 KB ( <1%) overhead. 
       Both:      8.69 MB capacity,     8.53 MB ( 98%) used,   139.91 KB (  2%) free+waste,    20.56 KB ( <1%) overhead. 

Virtual space:
  Non-class space:        8.00 MB reserved,       8.00 MB (100%) committed 
      Class space:        1.00 GB reserved,       1.00 MB ( <1%) committed 
             Both:        1.01 GB reserved,       9.00 MB ( <1%) committed 

Chunk freelists:
   Non-Class:  1.50 KB
       Class:  2.75 KB
        Both:  4.25 KB

CodeHeap 'non-profiled nmethods': size=120064Kb used=319Kb max_used=319Kb free=119744Kb
 bounds [0x000002260fd10000, 0x000002260ff80000, 0x0000022617250000]
CodeHeap 'profiled nmethods': size=120000Kb used=1229Kb max_used=1229Kb free=118770Kb
 bounds [0x00000226087e0000, 0x0000022608a50000, 0x000002260fd10000]
CodeHeap 'non-nmethods': size=5696Kb used=1078Kb max_used=1119Kb free=4617Kb
 bounds [0x0000022608250000, 0x00000226084c0000, 0x00000226087e0000]
 total_blobs=1232 nmethods=683 adapters=298
 compilation: enabled
              stopped_count=0, restarted_count=0
 full_count=0

Compilation events (10 events):
Event: 1.225 Thread 0x000002261a7bb800  679 % !   4       Picture::encode @ 130 (368 bytes)
Event: 1.659 Thread 0x000002261a7bb800 nmethod 679% 0x000002260fd4dc90 code [0x000002260fd4e320, 0x000002260fd57740]
Event: 1.662 Thread 0x000002267f77e000  680       3       Pixel::setBlue (23 bytes)
Event: 1.663 Thread 0x000002267f759800  681       4       Pixel::getAlpha (29 bytes)
Event: 1.663 Thread 0x000002267f77e000 nmethod 680 0x0000022608911990 code [0x0000022608911c20, 0x00000226089129d0]
Event: 1.666 Thread 0x000002261a7bb800  682       4       Pixel::setBlue (23 bytes)
Event: 1.677 Thread 0x000002267f759800 nmethod 681 0x000002260fd5b710 code [0x000002260fd5b900, 0x000002260fd5bf48]
Event: 1.741 Thread 0x000002261a7bb800 nmethod 682 0x000002260fd5c590 code [0x000002260fd5c8a0, 0x000002260fd5e250]
Event: 3300.755 Thread 0x000002267f77e000  683       3       java.lang.ref.ReferenceQueue::reallyPoll (65 bytes)
Event: 3300.818 Thread 0x000002267f77e000 nmethod 683 0x0000022608912e90 code [0x0000022608913080, 0x00000226089135d8]

GC Heap History (10 events):
Event: 6258.459 GC heap after
{Heap after GC invocations=11644 (full 0):
 garbage-first heap   total 126976K, used 21506K [0x00000000c3200000, 0x0000000100000000)
  region size 1024K, 0 young (0K), 0 survivors (0K)
 Metaspace       used 8733K, capacity 8894K, committed 9216K, reserved 1056768K
  class space    used 803K, capacity 906K, committed 1024K, reserved 1048576K
}
Event: 6258.609 GC heap before
{Heap before GC invocations=11644 (full 0):
 garbage-first heap   total 126976K, used 97282K [0x00000000c3200000, 0x0000000100000000)
  region size 1024K, 74 young (75776K), 0 survivors (0K)
 Metaspace       used 8733K, capacity 8894K, committed 9216K, reserved 1056768K
  class space    used 803K, capacity 906K, committed 1024K, reserved 1048576K
}
Event: 6258.610 GC heap after
{Heap after GC invocations=11645 (full 0):
 garbage-first heap   total 126976K, used 21506K [0x00000000c3200000, 0x0000000100000000)
  region size 1024K, 0 young (0K), 0 survivors (0K)
 Metaspace       used 8733K, capacity 8894K, committed 9216K, reserved 1056768K
  class space    used 803K, capacity 906K, committed 1024K, reserved 1048576K
}
Event: 6258.763 GC heap before
{Heap before GC invocations=11645 (full 0):
 garbage-first heap   total 126976K, used 97282K [0x00000000c3200000, 0x0000000100000000)
  region size 1024K, 74 young (75776K), 0 survivors (0K)
 Metaspace       used 8733K, capacity 8894K, committed 9216K, reserved 1056768K
  class space    used 803K, capacity 906K, committed 1024K, reserved 1048576K
}
Event: 6258.763 GC heap after
{Heap after GC invocations=11646 (full 0):
 garbage-first heap   total 126976K, used 21506K [0x00000000c3200000, 0x0000000100000000)
  region size 1024K, 0 young (0K), 0 survivors (0K)
 Metaspace       used 8733K, capacity 8894K, committed 9216K, reserved 1056768K
  class space    used 803K, capacity 906K, committed 1024K, reserved 1048576K
}
Event: 6258.917 GC heap before
{Heap before GC invocations=11646 (full 0):
 garbage-first heap   total 126976K, used 97282K [0x00000000c3200000, 0x0000000100000000)
  region size 1024K, 74 young (75776K), 0 survivors (0K)
 Metaspace       used 8733K, capacity 8894K, committed 9216K, reserved 1056768K
  class space    used 803K, capacity 906K, committed 1024K, reserved 1048576K
}
Event: 6258.917 GC heap after
{Heap after GC invocations=11647 (full 0):
 garbage-first heap   total 126976K, used 21506K [0x00000000c3200000, 0x0000000100000000)
  region size 1024K, 0 young (0K), 0 survivors (0K)
 Metaspace       used 8733K, capacity 8894K, committed 9216K, reserved 1056768K
  class space    used 803K, capacity 906K, committed 1024K, reserved 1048576K
}
Event: 6259.068 GC heap before
{Heap before GC invocations=11647 (full 0):
 garbage-first heap   total 126976K, used 97282K [0x00000000c3200000, 0x0000000100000000)
  region size 1024K, 74 young (75776K), 0 survivors (0K)
 Metaspace       used 8733K, capacity 8894K, committed 9216K, reserved 1056768K
  class space    used 803K, capacity 906K, committed 1024K, reserved 1048576K
}
Event: 6259.069 GC heap after
{Heap after GC invocations=11648 (full 0):
 garbage-first heap   total 126976K, used 21506K [0x00000000c3200000, 0x0000000100000000)
  region size 1024K, 0 young (0K), 0 survivors (0K)
 Metaspace       used 8733K, capacity 8894K, committed 9216K, reserved 1056768K
  class space    used 803K, capacity 906K, committed 1024K, reserved 1048576K
}
Event: 6259.229 GC heap before
{Heap before GC invocations=11648 (full 0):
 garbage-first heap   total 126976K, used 97282K [0x00000000c3200000, 0x0000000100000000)
  region size 1024K, 74 young (75776K), 0 survivors (0K)
 Metaspace       used 8733K, capacity 8894K, committed 9216K, reserved 1056768K
  class space    used 803K, capacity 906K, committed 1024K, reserved 1048576K
}

Deoptimization events (5 events):
Event: 0.229 Thread 0x000002267bd3f000 Uncommon trap: reason=unstable_if action=reinterpret pc=0x000002260fd1467c method=java.lang.String.hashCode()I @ 14 c2
Event: 0.518 Thread 0x000002267bd3f000 Uncommon trap: reason=range_check action=reinterpret pc=0x000002260fd284f8 method=java.lang.StringLatin1.indexOf([BII)I @ 13 c2
Event: 0.773 Thread 0x000002267bd3f000 Uncommon trap: reason=unstable_if action=reinterpret pc=0x000002260fd3285c method=SimplePicture.getPixels2D()[[LPixel; @ 63 c2
Event: 0.935 Thread 0x000002267bd3f000 Uncommon trap: reason=unstable_if action=reinterpret pc=0x000002260fd2d700 method=java.nio.Buffer.hasRemaining()Z @ 8 c2
Event: 1.662 Thread 0x000002267bd3f000 Uncommon trap: reason=unstable_fused_if action=reinterpret pc=0x000002260fd48b74 method=Pixel.correctValue(I)I @ 1 c2

Classes redefined (0 events):
No events

Internal exceptions (9 events):
Event: 0.346 Thread 0x000002267bd3f000 Exception <a 'java/lang/ClassNotFoundException'{0x00000000c6e551c8}: sun/awt/resources/spi/awtProvider> (0x00000000c6e551c8) thrown at [t:/workspace/open/src/hotspot/share/classfile/systemDictionary.cpp, line 231]
Event: 0.440 Thread 0x000002267bd3f000 Exception <a 'java/io/FileNotFoundException'{0x00000000c6ee8278}> (0x00000000c6ee8278) thrown at [t:/workspace/open/src/hotspot/share/prims/jni.cpp, line 615]
Event: 0.480 Thread 0x000002267bd3f000 Exception <a 'java/lang/NoSuchMethodError'{0x00000000c6d43480}: java.lang.invoke.DirectMethodHandle$Holder.invokeStatic(Ljava/lang/Object;Ljava/lang/Object;Ljava/lang/Object;Ljava/lang/Object;Ljava/lang/Object;Ljava/lang/Object;Ljava/lang/Object;Ljava/lan
Event: 0.484 Thread 0x000002267bd3f000 Exception <a 'java/lang/NoSuchMethodError'{0x00000000c6d51820}: java.lang.invoke.DirectMethodHandle$Holder.invokeStatic(Ljava/lang/Object;Ljava/lang/Object;Ljava/lang/Object;Ljava/lang/Object;Ljava/lang/Object;Ljava/lang/Object;Ljava/lang/Object;Ljava/lan
Event: 0.488 Thread 0x000002267bd3f000 Exception <a 'java/lang/NoSuchMethodError'{0x00000000c6d5f488}: java.lang.invoke.DirectMethodHandle$Holder.invokeSpecial(Ljava/lang/Object;Ljava/lang/Object;IILjava/lang/Object;Ljava/lang/Object;Ljava/lang/Object;)Ljava/lang/Object;> (0x00000000c6d5f488) 
Event: 0.488 Thread 0x000002267bd3f000 Exception <a 'java/lang/NoSuchMethodError'{0x00000000c6d62a10}: java.lang.invoke.DelegatingMethodHandle$Holder.reinvoke_L(Ljava/lang/Object;IILjava/lang/Object;Ljava/lang/Object;Ljava/lang/Object;)Ljava/lang/Object;> (0x00000000c6d62a10) thrown at [t:/wor
Event: 0.490 Thread 0x000002267bd3f000 Exception <a 'java/lang/NoSuchMethodError'{0x00000000c6d66d98}: java.lang.invoke.DirectMethodHandle$Holder.invokeStatic(Ljava/lang/Object;Ljava/lang/Object;Ljava/lang/Object;Ljava/lang/Object;I)Ljava/lang/Object;> (0x00000000c6d66d98) thrown at [t:/worksp
Event: 0.513 Thread 0x000002267bd3f000 Exception <a 'java/io/FileNotFoundException'{0x00000000c6dcaad8}> (0x00000000c6dcaad8) thrown at [t:/workspace/open/src/hotspot/share/prims/jni.cpp, line 615]
Event: 0.786 Thread 0x000002267bd3f000 Exception <a 'java/lang/NoSuchMethodError'{0x00000000c6ca3c18}: java.lang.invoke.DirectMethodHandle$Holder.invokeSpecialIFC(Ljava/lang/Object;Ljava/lang/Object;I)I> (0x00000000c6ca3c18) thrown at [t:/workspace/open/src/hotspot/share/interpreter/linkResolv

Events (10 events):
Event: 6258.459 Executing VM operation: G1CollectForAllocation done
Event: 6258.609 Executing VM operation: G1CollectForAllocation
Event: 6258.610 Executing VM operation: G1CollectForAllocation done
Event: 6258.762 Executing VM operation: G1CollectForAllocation
Event: 6258.763 Executing VM operation: G1CollectForAllocation done
Event: 6258.917 Executing VM operation: G1CollectForAllocation
Event: 6258.917 Executing VM operation: G1CollectForAllocation done
Event: 6259.068 Executing VM operation: G1CollectForAllocation
Event: 6259.069 Executing VM operation: G1CollectForAllocation done
Event: 6259.229 Executing VM operation: G1CollectForAllocation


Dynamic libraries:
0x00007ff7b3410000 - 0x00007ff7b3457000 	C:\Program Files\Java\jdk-11.0.2\bin\javaw.exe
0x00007ffe69640000 - 0x00007ffe69821000 	C:\WINDOWS\SYSTEM32\ntdll.dll
0x00007ffe68a80000 - 0x00007ffe68b31000 	C:\WINDOWS\System32\KERNEL32.DLL
0x00007ffe66680000 - 0x00007ffe668f3000 	C:\WINDOWS\System32\KERNELBASE.dll
0x00007ffe68d00000 - 0x00007ffe68da1000 	C:\WINDOWS\System32\ADVAPI32.dll
0x00007ffe694e0000 - 0x00007ffe6957e000 	C:\WINDOWS\System32\msvcrt.dll
0x00007ffe68ca0000 - 0x00007ffe68cfb000 	C:\WINDOWS\System32\sechost.dll
0x00007ffe68570000 - 0x00007ffe68694000 	C:\WINDOWS\System32\RPCRT4.dll
0x00007ffe68e80000 - 0x00007ffe69010000 	C:\WINDOWS\System32\USER32.dll
0x00007ffe66ab0000 - 0x00007ffe66ad0000 	C:\WINDOWS\System32\win32u.dll
0x00007ffe68450000 - 0x00007ffe68478000 	C:\WINDOWS\System32\GDI32.dll
0x00007ffe66460000 - 0x00007ffe665f2000 	C:\WINDOWS\System32\gdi32full.dll
0x00007ffe663c0000 - 0x00007ffe6645f000 	C:\WINDOWS\System32\msvcp_win.dll
0x00007ffe66960000 - 0x00007ffe66a58000 	C:\WINDOWS\System32\ucrtbase.dll
0x00007ffe533a0000 - 0x00007ffe53609000 	C:\WINDOWS\WinSxS\amd64_microsoft.windows.common-controls_6595b64144ccf1df_6.0.17134.765_none_fb42a1a930655896\COMCTL32.dll
0x00007ffe58a40000 - 0x00007ffe58a4a000 	C:\WINDOWS\SYSTEM32\VERSION.dll
0x00007ffe66c70000 - 0x00007ffe66f92000 	C:\WINDOWS\System32\combase.dll
0x00007ffe66600000 - 0x00007ffe6667a000 	C:\WINDOWS\System32\bcryptPrimitives.dll
0x00007ffe68480000 - 0x00007ffe684ad000 	C:\WINDOWS\System32\IMM32.DLL
0x00007ffe5b1b0000 - 0x00007ffe5b1c6000 	C:\Program Files\Java\jdk-11.0.2\bin\vcruntime140.dll
0x00007ffe527a0000 - 0x00007ffe5284a000 	C:\Program Files\Java\jdk-11.0.2\bin\msvcp140.dll
0x00007ffe406f0000 - 0x00007ffe41217000 	C:\Program Files\Java\jdk-11.0.2\bin\server\jvm.dll
0x00007ffe69600000 - 0x00007ffe69608000 	C:\WINDOWS\System32\PSAPI.DLL
0x00007ffe62740000 - 0x00007ffe62749000 	C:\WINDOWS\SYSTEM32\WSOCK32.dll
0x00007ffe66fa0000 - 0x00007ffe6700c000 	C:\WINDOWS\System32\WS2_32.dll
0x00007ffe621e0000 - 0x00007ffe62203000 	C:\WINDOWS\SYSTEM32\WINMM.dll
0x00007ffe621b0000 - 0x00007ffe621da000 	C:\WINDOWS\SYSTEM32\WINMMBASE.dll
0x00007ffe66a60000 - 0x00007ffe66aa9000 	C:\WINDOWS\System32\cfgmgr32.dll
0x00007ffe659f0000 - 0x00007ffe65a01000 	C:\WINDOWS\System32\kernel.appcore.dll
0x00007ffe61c10000 - 0x00007ffe61c21000 	C:\Program Files\Java\jdk-11.0.2\bin\verify.dll
0x00007ffe58090000 - 0x00007ffe58259000 	C:\WINDOWS\SYSTEM32\DBGHELP.DLL
0x00007ffe58060000 - 0x00007ffe58089000 	C:\WINDOWS\SYSTEM32\dbgcore.DLL
0x00007ffe61b50000 - 0x00007ffe61b79000 	C:\Program Files\Java\jdk-11.0.2\bin\java.dll
0x00007ffe61bf0000 - 0x00007ffe61c06000 	C:\Program Files\Java\jdk-11.0.2\bin\zip.dll
0x00007ffe622a0000 - 0x00007ffe622aa000 	C:\Program Files\Java\jdk-11.0.2\bin\jimage.dll
0x00007ffe67010000 - 0x00007ffe68450000 	C:\WINDOWS\System32\SHELL32.dll
0x00007ffe684b0000 - 0x00007ffe68559000 	C:\WINDOWS\System32\shcore.dll
0x00007ffe65c00000 - 0x00007ffe6630d000 	C:\WINDOWS\System32\windows.storage.dll
0x00007ffe68c40000 - 0x00007ffe68c91000 	C:\WINDOWS\System32\shlwapi.dll
0x00007ffe659b0000 - 0x00007ffe659cf000 	C:\WINDOWS\System32\profapi.dll
0x00007ffe65960000 - 0x00007ffe659ac000 	C:\WINDOWS\System32\powrprof.dll
0x00007ffe65950000 - 0x00007ffe6595a000 	C:\WINDOWS\System32\FLTLIB.DLL
0x00007ffe4ca30000 - 0x00007ffe4cbcf000 	C:\Program Files\Java\jdk-11.0.2\bin\awt.dll
0x00007ffe68db0000 - 0x00007ffe68e72000 	C:\WINDOWS\System32\OLEAUT32.dll
0x00007ffe62f40000 - 0x00007ffe63507000 	C:\WINDOWS\SYSTEM32\d2d1.dll
0x00007ffe63bf0000 - 0x00007ffe63c7b000 	C:\WINDOWS\SYSTEM32\apphelp.dll
0x00007ffe59d50000 - 0x00007ffe59d7d000 	C:\Program Files\Java\jdk-11.0.2\bin\javajpeg.dll
0x00007ffe61b30000 - 0x00007ffe61b49000 	C:\Program Files\Java\jdk-11.0.2\bin\net.dll
0x00007ffe5ec00000 - 0x00007ffe5ecdd000 	C:\WINDOWS\SYSTEM32\WINHTTP.dll
0x00007ffe5be50000 - 0x00007ffe5c018000 	C:\WINDOWS\SYSTEM32\urlmon.dll
0x00007ffe5bba0000 - 0x00007ffe5be47000 	C:\WINDOWS\SYSTEM32\iertutil.dll
0x00007ffe653a0000 - 0x00007ffe653ab000 	C:\WINDOWS\SYSTEM32\CRYPTBASE.DLL
0x00007ffe651d0000 - 0x00007ffe65236000 	C:\WINDOWS\system32\mswsock.dll
0x00007ffe60ac0000 - 0x00007ffe60ad3000 	C:\Program Files\Java\jdk-11.0.2\bin\nio.dll

dbghelp: loaded successfully - version: 4.0.5 - missing functions: none
symbol engine: initialized successfully - sym options: 0x614 - pdb path: .;C:\Program Files\Java\jdk-11.0.2\bin;C:\WINDOWS\SYSTEM32;C:\WINDOWS\WinSxS\amd64_microsoft.windows.common-controls_6595b64144ccf1df_6.0.17134.765_none_fb42a1a930655896;C:\Program Files\Java\jdk-11.0.2\bin\server

VM Arguments:
jvm_args: -Dfile.encoding=Cp1252 
java_command: PictureTester
java_class_path (initial): C:\Users\Serena\Desktop\geroe_serena_apcsa-p222\Unit 16\bin
Launcher Type: SUN_STANDARD

[Global flags]
     intx CICompilerCount                          = 3                                         {product} {ergonomic}
     uint ConcGCThreads                            = 1                                         {product} {ergonomic}
     uint G1ConcRefinementThreads                  = 4                                         {product} {ergonomic}
   size_t G1HeapRegionSize                         = 1048576                                   {product} {ergonomic}
    uintx GCDrainStackTargetSize                   = 64                                        {product} {ergonomic}
   size_t InitialHeapSize                          = 65011712                                  {product} {ergonomic}
   size_t MarkStackSize                            = 4194304                                   {product} {ergonomic}
   size_t MaxHeapSize                              = 1021313024                                {product} {ergonomic}
   size_t MaxNewSize                               = 612368384                                 {product} {ergonomic}
   size_t MinHeapDeltaBytes                        = 1048576                                   {product} {ergonomic}
    uintx NonNMethodCodeHeapSize                   = 5830092                                {pd product} {ergonomic}
    uintx NonProfiledCodeHeapSize                  = 122914074                              {pd product} {ergonomic}
    uintx ProfiledCodeHeapSize                     = 122914074                              {pd product} {ergonomic}
    uintx ReservedCodeCacheSize                    = 251658240                              {pd product} {ergonomic}
     bool SegmentedCodeCache                       = true                                      {product} {ergonomic}
     bool UseCompressedClassPointers               = true                                 {lp64_product} {ergonomic}
     bool UseCompressedOops                        = true                                 {lp64_product} {ergonomic}
     bool UseG1GC                                  = true                                      {product} {ergonomic}
     bool UseLargePagesIndividualAllocation        = false                                  {pd product} {ergonomic}

Logging:
Log output configuration:
 #0: stdout all=warning uptime,level,tags
 #1: stderr all=off uptime,level,tags

Environment Variables:
PATH=C:/Program Files/Java/jdk-11.0.2/bin/server;C:/Program Files/Java/jdk-11.0.2/bin;C:\Program Files\Java\jdk-11.0.2\bin;C:\WINDOWS\system32;C:\WINDOWS;C:\WINDOWS\System32\Wbem;C:\WINDOWS\System32\WindowsPowerShell\v1.0\;C:\Program Files (x86)\GtkSharp\2.12\bin;C:\WINDOWS\System32\OpenSSH\;C:\Users\Serena\AppData\Local\Microsoft\WindowsApps;C:\Users\Serena\AppData\Local\GitHubDesktop\bin;C:\Users\Serena\eclipse\java-2018-12\eclipse;
USERNAME=Serena
OS=Windows_NT
PROCESSOR_IDENTIFIER=Intel64 Family 6 Model 37 Stepping 2, GenuineIntel



---------------  S Y S T E M  ---------------

OS: Windows 10 , 64 bit Build 17134 (10.0.17134.753)

CPU:total 4 (initial active 4) (2 cores per cpu, 2 threads per core) family 6 model 37 stepping 2, cmov, cx8, fxsr, mmx, sse, sse2, sse3, ssse3, sse4.1, sse4.2, popcnt, aes, clmul, ht, tsc, tscinvbit

Memory: 4k page, system-wide physical 3893M (522M free)
TotalPageFile size 13420M (AvailPageFile size 2092M)
current process WorkingSet (physical memory assigned to process): 16M, peak: 154M
current process commit charge ("private bytes"): 200M, peak: 448M

vm_info: Java HotSpot(TM) 64-Bit Server VM (11.0.2+9-LTS) for windows-amd64 JRE (11.0.2+9-LTS), built on Jan 18 2019 05:24:10 by "mach5one" with MS VC++ 15.5 (VS2017)

END.
